<?xml version="1.0" encoding="UTF-8"?>
<coverage generated="1772964060465" clover="3.2.0">
  <project timestamp="1772964060465" name="All files">
    <metrics statements="168" coveredstatements="168" conditionals="116" coveredconditionals="113" methods="15" coveredmethods="15" elements="299" coveredelements="296" complexity="0" loc="168" ncloc="168" packages="1" files="4" classes="4"/>
    <file name="index.ts" path="/Users/alexgrozav/conductor/workspaces/importree/new-york/src/index.ts">
      <metrics statements="15" coveredstatements="15" conditionals="8" coveredconditionals="8" methods="2" coveredmethods="2"/>
      <line num="25" count="24" type="cond" truecount="2" falsecount="0"/>
      <line num="36" count="9" type="stmt"/>
      <line num="38" count="9" type="cond" truecount="2" falsecount="0"/>
      <line num="40" count="8" type="stmt"/>
      <line num="41" count="8" type="stmt"/>
      <line num="43" count="8" type="stmt"/>
      <line num="44" count="23" type="stmt"/>
      <line num="45" count="23" type="stmt"/>
      <line num="46" count="23" type="cond" truecount="2" falsecount="0"/>
      <line num="48" count="22" type="stmt"/>
      <line num="49" count="18" type="cond" truecount="2" falsecount="0"/>
      <line num="50" count="15" type="stmt"/>
      <line num="51" count="15" type="stmt"/>
      <line num="56" count="8" type="stmt"/>
      <line num="57" count="8" type="stmt"/>
    </file>
    <file name="resolver.ts" path="/Users/alexgrozav/conductor/workspaces/importree/new-york/src/resolver.ts">
      <metrics statements="45" coveredstatements="45" conditionals="40" coveredconditionals="39" methods="8" coveredmethods="8"/>
      <line num="5" count="3" type="stmt"/>
      <line num="8" count="156" type="stmt"/>
      <line num="9" count="156" type="cond" truecount="2" falsecount="0"/>
      <line num="13" count="7" type="stmt"/>
      <line num="14" count="7" type="cond" truecount="2" falsecount="0"/>
      <line num="23" count="7" type="cond" truecount="2" falsecount="0"/>
      <line num="24" count="2" type="stmt"/>
      <line num="25" count="2" type="cond" truecount="2" falsecount="0"/>
      <line num="27" count="5" type="stmt"/>
      <line num="32" count="57" type="cond" truecount="2" falsecount="0"/>
      <line num="35" count="56" type="stmt"/>
      <line num="36" count="91" type="stmt"/>
      <line num="37" count="91" type="cond" truecount="2" falsecount="0"/>
      <line num="41" count="7" type="cond" truecount="2" falsecount="0"/>
      <line num="42" count="3" type="stmt"/>
      <line num="43" count="8" type="stmt"/>
      <line num="44" count="8" type="cond" truecount="2" falsecount="0"/>
      <line num="48" count="5" type="stmt"/>
      <line num="60" count="38" type="cond" truecount="2" falsecount="0"/>
      <line num="63" count="38" type="cond" truecount="2" falsecount="0"/>
      <line num="64" count="1" type="stmt"/>
      <line num="67" count="38" type="stmt"/>
      <line num="68" count="7" type="cond" truecount="2" falsecount="0"/>
      <line num="71" count="38" type="stmt"/>
      <line num="73" count="38" type="stmt"/>
      <line num="77" count="68" type="stmt"/>
      <line num="78" count="68" type="stmt"/>
      <line num="80" count="68" type="cond" truecount="2" falsecount="0"/>
      <line num="85" count="64" type="cond" truecount="4" falsecount="0"/>
      <line num="86" count="51" type="stmt"/>
      <line num="87" count="51" type="cond" truecount="2" falsecount="0"/>
      <line num="88" count="48" type="stmt"/>
      <line num="93" count="13" type="stmt"/>
      <line num="94" count="13" type="stmt"/>
      <line num="95" count="6" type="cond" truecount="3" falsecount="1"/>
      <line num="96" count="6" type="cond" truecount="2" falsecount="0"/>
      <line num="97" count="6" type="stmt"/>
      <line num="98" count="6" type="cond" truecount="2" falsecount="0"/>
      <line num="99" count="4" type="stmt"/>
      <line num="101" count="6" type="stmt"/>
      <line num="102" count="6" type="stmt"/>
      <line num="107" count="13" type="cond" truecount="2" falsecount="0"/>
      <line num="108" count="7" type="stmt"/>
      <line num="112" count="64" type="stmt"/>
      <line num="113" count="64" type="stmt"/>
    </file>
    <file name="scanner.ts" path="/Users/alexgrozav/conductor/workspaces/importree/new-york/src/scanner.ts">
      <metrics statements="79" coveredstatements="79" conditionals="52" coveredconditionals="52" methods="2" coveredmethods="2"/>
      <line num="10" count="95" type="stmt"/>
      <line num="11" count="95" type="stmt"/>
      <line num="12" count="95" type="stmt"/>
      <line num="14" count="95" type="stmt"/>
      <line num="15" count="3716" type="stmt"/>
      <line num="16" count="3716" type="cond" truecount="2" falsecount="0"/>
      <line num="19" count="3716" type="cond" truecount="4" falsecount="0"/>
      <line num="20" count="3" type="stmt"/>
      <line num="21" count="3" type="stmt"/>
      <line num="22" count="3" type="cond" truecount="2" falsecount="0"/>
      <line num="23" count="70" type="stmt"/>
      <line num="25" count="3" type="stmt"/>
      <line num="29" count="3713" type="cond" truecount="4" falsecount="0"/>
      <line num="30" count="6" type="stmt"/>
      <line num="31" count="6" type="stmt"/>
      <line num="32" count="6" type="cond" truecount="5" falsecount="0"/>
      <line num="33" count="174" type="cond" truecount="2" falsecount="0"/>
      <line num="34" count="174" type="stmt"/>
      <line num="36" count="6" type="cond" truecount="2" falsecount="0"/>
      <line num="37" count="5" type="stmt"/>
      <line num="38" count="5" type="stmt"/>
      <line num="40" count="6" type="stmt"/>
      <line num="45" count="3707" type="cond" truecount="4" falsecount="0"/>
      <line num="46" count="98" type="stmt"/>
      <line num="47" count="98" type="stmt"/>
      <line num="48" count="98" type="stmt"/>
      <line num="49" count="98" type="cond" truecount="2" falsecount="0"/>
      <line num="50" count="551" type="cond" truecount="4" falsecount="0"/>
      <line num="51" count="1" type="stmt"/>
      <line num="52" count="1" type="stmt"/>
      <line num="53" count="1" type="stmt"/>
      <line num="54" count="1" type="stmt"/>
      <line num="56" count="550" type="stmt"/>
      <line num="57" count="550" type="stmt"/>
      <line num="60" count="98" type="cond" truecount="2" falsecount="0"/>
      <line num="61" count="97" type="stmt"/>
      <line num="62" count="97" type="stmt"/>
      <line num="64" count="98" type="stmt"/>
      <line num="68" count="3609" type="cond" truecount="2" falsecount="0"/>
      <line num="69" count="5" type="stmt"/>
      <line num="70" count="5" type="stmt"/>
      <line num="71" count="5" type="stmt"/>
      <line num="72" count="5" type="stmt"/>
      <line num="73" count="106" type="cond" truecount="4" falsecount="0"/>
      <line num="74" count="1" type="stmt"/>
      <line num="75" count="1" type="stmt"/>
      <line num="76" count="1" type="stmt"/>
      <line num="77" count="1" type="stmt"/>
      <line num="78" count="105" type="cond" truecount="5" falsecount="0"/>
      <line num="79" count="2" type="stmt"/>
      <line num="80" count="2" type="stmt"/>
      <line num="81" count="2" type="stmt"/>
      <line num="82" count="2" type="stmt"/>
      <line num="83" count="2" type="stmt"/>
      <line num="84" count="103" type="cond" truecount="4" falsecount="0"/>
      <line num="85" count="2" type="stmt"/>
      <line num="86" count="2" type="stmt"/>
      <line num="87" count="2" type="stmt"/>
      <line num="88" count="101" type="cond" truecount="4" falsecount="0"/>
      <line num="89" count="5" type="stmt"/>
      <line num="90" count="5" type="stmt"/>
      <line num="91" count="5" type="stmt"/>
      <line num="93" count="96" type="stmt"/>
      <line num="94" count="96" type="stmt"/>
      <line num="97" count="5" type="stmt"/>
      <line num="101" count="3604" type="stmt"/>
      <line num="102" count="3604" type="stmt"/>
      <line num="105" count="95" type="stmt"/>
      <line num="109" count="3" type="stmt"/>
      <line num="110" count="3" type="stmt"/>
      <line num="111" count="3" type="stmt"/>
      <line num="112" count="3" type="stmt"/>
      <line num="123" count="84" type="stmt"/>
      <line num="124" count="84" type="stmt"/>
      <line num="126" count="84" type="stmt"/>
      <line num="127" count="84" type="stmt"/>
      <line num="128" count="84" type="stmt"/>
      <line num="129" count="84" type="stmt"/>
      <line num="131" count="84" type="stmt"/>
    </file>
    <file name="walker.ts" path="/Users/alexgrozav/conductor/workspaces/importree/new-york/src/walker.ts">
      <metrics statements="29" coveredstatements="29" conditionals="16" coveredconditionals="14" methods="3" coveredmethods="3"/>
      <line num="12" count="24" type="stmt"/>
      <line num="13" count="24" type="cond" truecount="2" falsecount="0"/>
      <line num="14" count="24" type="stmt"/>
      <line num="16" count="24" type="stmt"/>
      <line num="17" count="24" type="stmt"/>
      <line num="18" count="24" type="stmt"/>
      <line num="21" count="72" type="cond" truecount="2" falsecount="0"/>
      <line num="22" count="67" type="stmt"/>
      <line num="24" count="67" type="stmt"/>
      <line num="25" count="67" type="stmt"/>
      <line num="27" count="67" type="stmt"/>
      <line num="28" count="67" type="stmt"/>
      <line num="29" count="53" type="stmt"/>
      <line num="30" count="53" type="cond" truecount="2" falsecount="0"/>
      <line num="32" count="51" type="cond" truecount="4" falsecount="0"/>
      <line num="33" count="3" type="stmt"/>
      <line num="34" count="48" type="cond" truecount="3" falsecount="1"/>
      <line num="35" count="48" type="stmt"/>
      <line num="39" count="67" type="stmt"/>
      <line num="41" count="67" type="stmt"/>
      <line num="44" count="24" type="stmt"/>
      <line num="47" count="24" type="stmt"/>
      <line num="48" count="24" type="stmt"/>
      <line num="49" count="67" type="stmt"/>
      <line num="51" count="24" type="stmt"/>
      <line num="52" count="67" type="stmt"/>
      <line num="53" count="48" type="cond" truecount="1" falsecount="1"/>
      <line num="54" count="48" type="stmt"/>
      <line num="58" count="24" type="stmt"/>
    </file>
  </project>
</coverage>
