{"/Users/alexgrozav/conductor/workspaces/importree/new-york/src/index.ts": {"path":"/Users/alexgrozav/conductor/workspaces/importree/new-york/src/index.ts","statementMap":{"0":{"start":{"line":25,"column":2},"end":{"line":25,"column":null}},"1":{"start":{"line":36,"column":8},"end":{"line":36,"column":null}},"2":{"start":{"line":38,"column":2},"end":{"line":38,"column":null}},"3":{"start":{"line":38,"column":36},"end":{"line":38,"column":null}},"4":{"start":{"line":40,"column":19},"end":{"line":40,"column":null}},"5":{"start":{"line":41,"column":16},"end":{"line":41,"column":null}},"6":{"start":{"line":43,"column":2},"end":{"line":54,"column":null}},"7":{"start":{"line":44,"column":20},"end":{"line":44,"column":null}},"8":{"start":{"line":45,"column":23},"end":{"line":45,"column":null}},"9":{"start":{"line":46,"column":4},"end":{"line":46,"column":null}},"10":{"start":{"line":46,"column":21},"end":{"line":46,"column":null}},"11":{"start":{"line":48,"column":4},"end":{"line":53,"column":null}},"12":{"start":{"line":49,"column":6},"end":{"line":52,"column":null}},"13":{"start":{"line":50,"column":8},"end":{"line":50,"column":null}},"14":{"start":{"line":51,"column":8},"end":{"line":51,"column":null}},"15":{"start":{"line":56,"column":2},"end":{"line":56,"column":null}},"16":{"start":{"line":57,"column":2},"end":{"line":57,"column":null}}},"fnMap":{"0":{"name":"importree","decl":{"start":{"line":24,"column":22},"end":{"line":24,"column":32}},"loc":{"start":{"line":24,"column":96},"end":{"line":26,"column":null}},"line":24},"1":{"name":"getAffectedFiles","decl":{"start":{"line":35,"column":16},"end":{"line":35,"column":33}},"loc":{"start":{"line":35,"column":82},"end":{"line":58,"column":null}},"line":35}},"branchMap":{"0":{"loc":{"start":{"line":25,"column":21},"end":{"line":25,"column":34}},"type":"binary-expr","locations":[{"start":{"line":25,"column":21},"end":{"line":25,"column":32}},{"start":{"line":25,"column":32},"end":{"line":25,"column":34}}],"line":25},"1":{"loc":{"start":{"line":38,"column":2},"end":{"line":38,"column":null}},"type":"if","locations":[{"start":{"line":38,"column":2},"end":{"line":38,"column":null}},{"start":{},"end":{}}],"line":38},"2":{"loc":{"start":{"line":46,"column":4},"end":{"line":46,"column":null}},"type":"if","locations":[{"start":{"line":46,"column":4},"end":{"line":46,"column":null}},{"start":{},"end":{}}],"line":46},"3":{"loc":{"start":{"line":49,"column":6},"end":{"line":52,"column":null}},"type":"if","locations":[{"start":{"line":49,"column":6},"end":{"line":52,"column":null}},{"start":{},"end":{}}],"line":49}},"s":{"0":24,"1":9,"2":9,"3":1,"4":8,"5":8,"6":8,"7":23,"8":23,"9":23,"10":1,"11":22,"12":18,"13":15,"14":15,"15":8,"16":8},"f":{"0":24,"1":9},"b":{"0":[24,22],"1":[1,8],"2":[1,22],"3":[15,3]},"meta":{"lastBranch":4,"lastFunction":2,"lastStatement":17,"seen":{"f:24:22:24:32":0,"s:25:2:25:Infinity":0,"b:25:21:25:32:25:32:25:34":0,"f:35:16:35:33":1,"s:36:8:36:Infinity":1,"b:38:2:38:Infinity:undefined:undefined:undefined:undefined":1,"s:38:2:38:Infinity":2,"s:38:36:38:Infinity":3,"s:40:19:40:Infinity":4,"s:41:16:41:Infinity":5,"s:43:2:54:Infinity":6,"s:44:20:44:Infinity":7,"s:45:23:45:Infinity":8,"b:46:4:46:Infinity:undefined:undefined:undefined:undefined":2,"s:46:4:46:Infinity":9,"s:46:21:46:Infinity":10,"s:48:4:53:Infinity":11,"b:49:6:52:Infinity:undefined:undefined:undefined:undefined":3,"s:49:6:52:Infinity":12,"s:50:8:50:Infinity":13,"s:51:8:51:Infinity":14,"s:56:2:56:Infinity":15,"s:57:2:57:Infinity":16}}}
,"/Users/alexgrozav/conductor/workspaces/importree/new-york/src/resolver.ts": {"path":"/Users/alexgrozav/conductor/workspaces/importree/new-york/src/resolver.ts","statementMap":{"0":{"start":{"line":5,"column":27},"end":{"line":5,"column":null}},"1":{"start":{"line":8,"column":8},"end":{"line":8,"column":null}},"2":{"start":{"line":9,"column":2},"end":{"line":9,"column":null}},"3":{"start":{"line":13,"column":8},"end":{"line":13,"column":null}},"4":{"start":{"line":14,"column":2},"end":{"line":14,"column":null}},"5":{"start":{"line":23,"column":2},"end":{"line":26,"column":null}},"6":{"start":{"line":24,"column":18},"end":{"line":24,"column":null}},"7":{"start":{"line":25,"column":4},"end":{"line":25,"column":null}},"8":{"start":{"line":27,"column":2},"end":{"line":27,"column":null}},"9":{"start":{"line":32,"column":2},"end":{"line":32,"column":null}},"10":{"start":{"line":32,"column":28},"end":{"line":32,"column":null}},"11":{"start":{"line":35,"column":2},"end":{"line":38,"column":null}},"12":{"start":{"line":36,"column":20},"end":{"line":36,"column":null}},"13":{"start":{"line":37,"column":4},"end":{"line":37,"column":null}},"14":{"start":{"line":37,"column":29},"end":{"line":37,"column":null}},"15":{"start":{"line":41,"column":2},"end":{"line":46,"column":null}},"16":{"start":{"line":42,"column":4},"end":{"line":45,"column":null}},"17":{"start":{"line":43,"column":12},"end":{"line":43,"column":null}},"18":{"start":{"line":44,"column":6},"end":{"line":44,"column":null}},"19":{"start":{"line":44,"column":33},"end":{"line":44,"column":null}},"20":{"start":{"line":48,"column":2},"end":{"line":48,"column":null}},"21":{"start":{"line":60,"column":21},"end":{"line":60,"column":null}},"22":{"start":{"line":63,"column":18},"end":{"line":65,"column":null}},"23":{"start":{"line":64,"column":53},"end":{"line":64,"column":78}},"24":{"start":{"line":67,"column":30},"end":{"line":69,"column":null}},"25":{"start":{"line":68,"column":22},"end":{"line":68,"column":null}},"26":{"start":{"line":71,"column":16},"end":{"line":71,"column":null}},"27":{"start":{"line":73,"column":2},"end":{"line":114,"column":null}},"28":{"start":{"line":77,"column":10},"end":{"line":77,"column":null}},"29":{"start":{"line":78,"column":21},"end":{"line":78,"column":null}},"30":{"start":{"line":80,"column":4},"end":{"line":80,"column":null}},"31":{"start":{"line":80,"column":29},"end":{"line":80,"column":null}},"32":{"start":{"line":85,"column":4},"end":{"line":110,"column":null}},"33":{"start":{"line":86,"column":27},"end":{"line":86,"column":null}},"34":{"start":{"line":87,"column":6},"end":{"line":89,"column":null}},"35":{"start":{"line":88,"column":8},"end":{"line":88,"column":null}},"36":{"start":{"line":93,"column":20},"end":{"line":93,"column":null}},"37":{"start":{"line":94,"column":6},"end":{"line":104,"column":null}},"38":{"start":{"line":95,"column":8},"end":{"line":103,"column":null}},"39":{"start":{"line":96,"column":23},"end":{"line":96,"column":null}},"40":{"start":{"line":97,"column":31},"end":{"line":97,"column":null}},"41":{"start":{"line":98,"column":10},"end":{"line":100,"column":null}},"42":{"start":{"line":99,"column":12},"end":{"line":99,"column":null}},"43":{"start":{"line":101,"column":10},"end":{"line":101,"column":null}},"44":{"start":{"line":102,"column":10},"end":{"line":102,"column":null}},"45":{"start":{"line":107,"column":6},"end":{"line":109,"column":null}},"46":{"start":{"line":108,"column":8},"end":{"line":108,"column":null}},"47":{"start":{"line":112,"column":4},"end":{"line":112,"column":null}},"48":{"start":{"line":113,"column":4},"end":{"line":113,"column":null}}},"fnMap":{"0":{"name":"fileExists","decl":{"start":{"line":7,"column":9},"end":{"line":7,"column":20}},"loc":{"start":{"line":7,"column":47},"end":{"line":10,"column":null}},"line":7},"1":{"name":"dirExists","decl":{"start":{"line":12,"column":9},"end":{"line":12,"column":19}},"loc":{"start":{"line":12,"column":46},"end":{"line":15,"column":null}},"line":12},"2":{"name":"getBareSpecifier","decl":{"start":{"line":22,"column":9},"end":{"line":22,"column":26}},"loc":{"start":{"line":22,"column":53},"end":{"line":28,"column":null}},"line":22},"3":{"name":"resolveFile","decl":{"start":{"line":30,"column":9},"end":{"line":30,"column":21}},"loc":{"start":{"line":30,"column":81},"end":{"line":49,"column":null}},"line":30},"4":{"name":"createResolver","decl":{"start":{"line":59,"column":16},"end":{"line":59,"column":31}},"loc":{"start":{"line":59,"column":85},"end":{"line":115,"column":null}},"line":59},"5":{"name":"(anonymous_5)","decl":{"start":{"line":64,"column":43},"end":{"line":64,"column":44}},"loc":{"start":{"line":64,"column":53},"end":{"line":64,"column":78}},"line":64},"6":{"name":"(anonymous_6)","decl":{"start":{"line":68,"column":4},"end":{"line":68,"column":5}},"loc":{"start":{"line":68,"column":22},"end":{"line":68,"column":null}},"line":68},"7":{"name":"resolveSpecifier","decl":{"start":{"line":73,"column":18},"end":{"line":73,"column":null}},"loc":{"start":{"line":76,"column":32},"end":{"line":114,"column":null}},"line":76}},"branchMap":{"0":{"loc":{"start":{"line":9,"column":9},"end":{"line":9,"column":null}},"type":"binary-expr","locations":[{"start":{"line":9,"column":9},"end":{"line":9,"column":31}},{"start":{"line":9,"column":31},"end":{"line":9,"column":null}}],"line":9},"1":{"loc":{"start":{"line":14,"column":9},"end":{"line":14,"column":null}},"type":"binary-expr","locations":[{"start":{"line":14,"column":9},"end":{"line":14,"column":31}},{"start":{"line":14,"column":31},"end":{"line":14,"column":null}}],"line":14},"2":{"loc":{"start":{"line":23,"column":2},"end":{"line":26,"column":null}},"type":"if","locations":[{"start":{"line":23,"column":2},"end":{"line":26,"column":null}},{"start":{},"end":{}}],"line":23},"3":{"loc":{"start":{"line":25,"column":11},"end":{"line":25,"column":null}},"type":"cond-expr","locations":[{"start":{"line":25,"column":31},"end":{"line":25,"column":59}},{"start":{"line":25,"column":59},"end":{"line":25,"column":null}}],"line":25},"4":{"loc":{"start":{"line":32,"column":2},"end":{"line":32,"column":null}},"type":"if","locations":[{"start":{"line":32,"column":2},"end":{"line":32,"column":null}},{"start":{},"end":{}}],"line":32},"5":{"loc":{"start":{"line":37,"column":4},"end":{"line":37,"column":null}},"type":"if","locations":[{"start":{"line":37,"column":4},"end":{"line":37,"column":null}},{"start":{},"end":{}}],"line":37},"6":{"loc":{"start":{"line":41,"column":2},"end":{"line":46,"column":null}},"type":"if","locations":[{"start":{"line":41,"column":2},"end":{"line":46,"column":null}},{"start":{},"end":{}}],"line":41},"7":{"loc":{"start":{"line":44,"column":6},"end":{"line":44,"column":null}},"type":"if","locations":[{"start":{"line":44,"column":6},"end":{"line":44,"column":null}},{"start":{},"end":{}}],"line":44},"8":{"loc":{"start":{"line":60,"column":21},"end":{"line":60,"column":null}},"type":"binary-expr","locations":[{"start":{"line":60,"column":21},"end":{"line":60,"column":43}},{"start":{"line":60,"column":43},"end":{"line":60,"column":null}}],"line":60},"9":{"loc":{"start":{"line":63,"column":18},"end":{"line":65,"column":null}},"type":"cond-expr","locations":[{"start":{"line":64,"column":6},"end":{"line":64,"column":null}},{"start":{"line":65,"column":6},"end":{"line":65,"column":null}}],"line":63},"10":{"loc":{"start":{"line":68,"column":23},"end":{"line":68,"column":79}},"type":"cond-expr","locations":[{"start":{"line":68,"column":48},"end":{"line":68,"column":56}},{"start":{"line":68,"column":48},"end":{"line":68,"column":79}}],"line":68},"11":{"loc":{"start":{"line":80,"column":4},"end":{"line":80,"column":null}},"type":"if","locations":[{"start":{"line":80,"column":4},"end":{"line":80,"column":null}},{"start":{},"end":{}}],"line":80},"12":{"loc":{"start":{"line":85,"column":4},"end":{"line":110,"column":null}},"type":"if","locations":[{"start":{"line":85,"column":4},"end":{"line":110,"column":null}},{"start":{"line":92,"column":9},"end":{"line":110,"column":null}}],"line":85},"13":{"loc":{"start":{"line":85,"column":8},"end":{"line":85,"column":67}},"type":"binary-expr","locations":[{"start":{"line":85,"column":8},"end":{"line":85,"column":38}},{"start":{"line":85,"column":38},"end":{"line":85,"column":67}}],"line":85},"14":{"loc":{"start":{"line":87,"column":6},"end":{"line":89,"column":null}},"type":"if","locations":[{"start":{"line":87,"column":6},"end":{"line":89,"column":null}},{"start":{},"end":{}}],"line":87},"15":{"loc":{"start":{"line":95,"column":8},"end":{"line":103,"column":null}},"type":"if","locations":[{"start":{"line":95,"column":8},"end":{"line":103,"column":null}},{"start":{},"end":{}}],"line":95},"16":{"loc":{"start":{"line":95,"column":12},"end":{"line":95,"column":72}},"type":"binary-expr","locations":[{"start":{"line":95,"column":12},"end":{"line":95,"column":36}},{"start":{"line":95,"column":36},"end":{"line":95,"column":72}}],"line":95},"17":{"loc":{"start":{"line":96,"column":23},"end":{"line":96,"column":null}},"type":"cond-expr","locations":[{"start":{"line":96,"column":46},"end":{"line":96,"column":51}},{"start":{"line":96,"column":51},"end":{"line":96,"column":null}}],"line":96},"18":{"loc":{"start":{"line":98,"column":10},"end":{"line":100,"column":null}},"type":"if","locations":[{"start":{"line":98,"column":10},"end":{"line":100,"column":null}},{"start":{},"end":{}}],"line":98},"19":{"loc":{"start":{"line":107,"column":6},"end":{"line":109,"column":null}},"type":"if","locations":[{"start":{"line":107,"column":6},"end":{"line":109,"column":null}},{"start":{},"end":{}}],"line":107}},"s":{"0":3,"1":156,"2":156,"3":7,"4":7,"5":7,"6":2,"7":2,"8":5,"9":57,"10":1,"11":56,"12":91,"13":91,"14":49,"15":7,"16":3,"17":8,"18":8,"19":2,"20":5,"21":38,"22":38,"23":1,"24":38,"25":7,"26":38,"27":38,"28":68,"29":68,"30":68,"31":4,"32":64,"33":51,"34":51,"35":48,"36":13,"37":13,"38":6,"39":6,"40":6,"41":6,"42":4,"43":6,"44":6,"45":13,"46":7,"47":64,"48":64},"f":{"0":156,"1":7,"2":7,"3":57,"4":38,"5":1,"6":7,"7":68},"b":{"0":[156,55],"1":[7,3],"2":[2,5],"3":[1,1],"4":[1,56],"5":[49,42],"6":[3,4],"7":[2,6],"8":[38,38],"9":[6,32],"10":[1,6],"11":[4,64],"12":[51,13],"13":[64,13],"14":[48,3],"15":[6,0],"16":[6,4],"17":[2,4],"18":[4,2],"19":[7,6]},"meta":{"lastBranch":20,"lastFunction":8,"lastStatement":49,"seen":{"s:5:27:5:Infinity":0,"f:7:9:7:20":0,"s:8:8:8:Infinity":1,"s:9:2:9:Infinity":2,"b:9:9:9:31:9:31:9:Infinity":0,"f:12:9:12:19":1,"s:13:8:13:Infinity":3,"s:14:2:14:Infinity":4,"b:14:9:14:31:14:31:14:Infinity":1,"f:22:9:22:26":2,"b:23:2:26:Infinity:undefined:undefined:undefined:undefined":2,"s:23:2:26:Infinity":5,"s:24:18:24:Infinity":6,"s:25:4:25:Infinity":7,"b:25:31:25:59:25:59:25:Infinity":3,"s:27:2:27:Infinity":8,"f:30:9:30:21":3,"b:32:2:32:Infinity:undefined:undefined:undefined:undefined":4,"s:32:2:32:Infinity":9,"s:32:28:32:Infinity":10,"s:35:2:38:Infinity":11,"s:36:20:36:Infinity":12,"b:37:4:37:Infinity:undefined:undefined:undefined:undefined":5,"s:37:4:37:Infinity":13,"s:37:29:37:Infinity":14,"b:41:2:46:Infinity:undefined:undefined:undefined:undefined":6,"s:41:2:46:Infinity":15,"s:42:4:45:Infinity":16,"s:43:12:43:Infinity":17,"b:44:6:44:Infinity:undefined:undefined:undefined:undefined":7,"s:44:6:44:Infinity":18,"s:44:33:44:Infinity":19,"s:48:2:48:Infinity":20,"f:59:16:59:31":4,"s:60:21:60:Infinity":21,"b:60:21:60:43:60:43:60:Infinity":8,"s:63:18:65:Infinity":22,"b:64:6:64:Infinity:65:6:65:Infinity":9,"f:64:43:64:44":5,"s:64:53:64:78":23,"s:67:30:69:Infinity":24,"f:68:4:68:5":6,"s:68:22:68:Infinity":25,"b:68:48:68:56:68:48:68:79":10,"s:71:16:71:Infinity":26,"s:73:2:114:Infinity":27,"f:73:18:73:Infinity":7,"s:77:10:77:Infinity":28,"s:78:21:78:Infinity":29,"b:80:4:80:Infinity:undefined:undefined:undefined:undefined":11,"s:80:4:80:Infinity":30,"s:80:29:80:Infinity":31,"b:85:4:110:Infinity:92:9:110:Infinity":12,"s:85:4:110:Infinity":32,"b:85:8:85:38:85:38:85:67":13,"s:86:27:86:Infinity":33,"b:87:6:89:Infinity:undefined:undefined:undefined:undefined":14,"s:87:6:89:Infinity":34,"s:88:8:88:Infinity":35,"s:93:20:93:Infinity":36,"s:94:6:104:Infinity":37,"b:95:8:103:Infinity:undefined:undefined:undefined:undefined":15,"s:95:8:103:Infinity":38,"b:95:12:95:36:95:36:95:72":16,"s:96:23:96:Infinity":39,"b:96:46:96:51:96:51:96:Infinity":17,"s:97:31:97:Infinity":40,"b:98:10:100:Infinity:undefined:undefined:undefined:undefined":18,"s:98:10:100:Infinity":41,"s:99:12:99:Infinity":42,"s:101:10:101:Infinity":43,"s:102:10:102:Infinity":44,"b:107:6:109:Infinity:undefined:undefined:undefined:undefined":19,"s:107:6:109:Infinity":45,"s:108:8:108:Infinity":46,"s:112:4:112:Infinity":47,"s:113:4:113:Infinity":48}}}
,"/Users/alexgrozav/conductor/workspaces/importree/new-york/src/scanner.ts": {"path":"/Users/alexgrozav/conductor/workspaces/importree/new-york/src/scanner.ts","statementMap":{"0":{"start":{"line":10,"column":14},"end":{"line":10,"column":null}},"1":{"start":{"line":11,"column":27},"end":{"line":11,"column":null}},"2":{"start":{"line":12,"column":10},"end":{"line":12,"column":null}},"3":{"start":{"line":14,"column":2},"end":{"line":103,"column":null}},"4":{"start":{"line":15,"column":15},"end":{"line":15,"column":null}},"5":{"start":{"line":16,"column":17},"end":{"line":16,"column":null}},"6":{"start":{"line":19,"column":4},"end":{"line":26,"column":null}},"7":{"start":{"line":20,"column":6},"end":{"line":20,"column":null}},"8":{"start":{"line":21,"column":6},"end":{"line":21,"column":null}},"9":{"start":{"line":22,"column":6},"end":{"line":24,"column":null}},"10":{"start":{"line":23,"column":8},"end":{"line":23,"column":null}},"11":{"start":{"line":25,"column":6},"end":{"line":25,"column":null}},"12":{"start":{"line":29,"column":4},"end":{"line":41,"column":null}},"13":{"start":{"line":30,"column":6},"end":{"line":30,"column":null}},"14":{"start":{"line":31,"column":6},"end":{"line":31,"column":null}},"15":{"start":{"line":32,"column":6},"end":{"line":35,"column":null}},"16":{"start":{"line":33,"column":8},"end":{"line":33,"column":null}},"17":{"start":{"line":34,"column":8},"end":{"line":34,"column":null}},"18":{"start":{"line":36,"column":6},"end":{"line":39,"column":null}},"19":{"start":{"line":37,"column":8},"end":{"line":37,"column":null}},"20":{"start":{"line":38,"column":8},"end":{"line":38,"column":null}},"21":{"start":{"line":40,"column":6},"end":{"line":40,"column":null}},"22":{"start":{"line":45,"column":4},"end":{"line":65,"column":null}},"23":{"start":{"line":46,"column":20},"end":{"line":46,"column":null}},"24":{"start":{"line":47,"column":6},"end":{"line":47,"column":null}},"25":{"start":{"line":48,"column":6},"end":{"line":48,"column":null}},"26":{"start":{"line":49,"column":6},"end":{"line":59,"column":null}},"27":{"start":{"line":50,"column":8},"end":{"line":58,"column":null}},"28":{"start":{"line":51,"column":10},"end":{"line":51,"column":null}},"29":{"start":{"line":52,"column":10},"end":{"line":52,"column":null}},"30":{"start":{"line":53,"column":10},"end":{"line":53,"column":null}},"31":{"start":{"line":54,"column":10},"end":{"line":54,"column":null}},"32":{"start":{"line":56,"column":10},"end":{"line":56,"column":null}},"33":{"start":{"line":57,"column":10},"end":{"line":57,"column":null}},"34":{"start":{"line":60,"column":6},"end":{"line":63,"column":null}},"35":{"start":{"line":61,"column":8},"end":{"line":61,"column":null}},"36":{"start":{"line":62,"column":8},"end":{"line":62,"column":null}},"37":{"start":{"line":64,"column":6},"end":{"line":64,"column":null}},"38":{"start":{"line":68,"column":4},"end":{"line":98,"column":null}},"39":{"start":{"line":69,"column":6},"end":{"line":69,"column":null}},"40":{"start":{"line":70,"column":6},"end":{"line":70,"column":null}},"41":{"start":{"line":71,"column":18},"end":{"line":71,"column":null}},"42":{"start":{"line":72,"column":6},"end":{"line":96,"column":null}},"43":{"start":{"line":73,"column":8},"end":{"line":95,"column":null}},"44":{"start":{"line":74,"column":10},"end":{"line":74,"column":null}},"45":{"start":{"line":75,"column":10},"end":{"line":75,"column":null}},"46":{"start":{"line":76,"column":10},"end":{"line":76,"column":null}},"47":{"start":{"line":77,"column":10},"end":{"line":77,"column":null}},"48":{"start":{"line":78,"column":8},"end":{"line":95,"column":null}},"49":{"start":{"line":79,"column":10},"end":{"line":79,"column":null}},"50":{"start":{"line":80,"column":10},"end":{"line":80,"column":null}},"51":{"start":{"line":81,"column":10},"end":{"line":81,"column":null}},"52":{"start":{"line":82,"column":10},"end":{"line":82,"column":null}},"53":{"start":{"line":83,"column":10},"end":{"line":83,"column":null}},"54":{"start":{"line":84,"column":8},"end":{"line":95,"column":null}},"55":{"start":{"line":85,"column":10},"end":{"line":85,"column":null}},"56":{"start":{"line":86,"column":10},"end":{"line":86,"column":null}},"57":{"start":{"line":87,"column":10},"end":{"line":87,"column":null}},"58":{"start":{"line":88,"column":8},"end":{"line":95,"column":null}},"59":{"start":{"line":89,"column":10},"end":{"line":89,"column":null}},"60":{"start":{"line":90,"column":10},"end":{"line":90,"column":null}},"61":{"start":{"line":91,"column":10},"end":{"line":91,"column":null}},"62":{"start":{"line":93,"column":10},"end":{"line":93,"column":null}},"63":{"start":{"line":94,"column":10},"end":{"line":94,"column":null}},"64":{"start":{"line":97,"column":6},"end":{"line":97,"column":null}},"65":{"start":{"line":101,"column":4},"end":{"line":101,"column":null}},"66":{"start":{"line":102,"column":4},"end":{"line":102,"column":null}},"67":{"start":{"line":105,"column":2},"end":{"line":105,"column":null}},"68":{"start":{"line":109,"column":15},"end":{"line":109,"column":null}},"69":{"start":{"line":110,"column":21},"end":{"line":110,"column":null}},"70":{"start":{"line":111,"column":18},"end":{"line":111,"column":null}},"71":{"start":{"line":112,"column":18},"end":{"line":112,"column":null}},"72":{"start":{"line":123,"column":19},"end":{"line":123,"column":null}},"73":{"start":{"line":124,"column":21},"end":{"line":124,"column":null}},"74":{"start":{"line":126,"column":2},"end":{"line":126,"column":null}},"75":{"start":{"line":126,"column":45},"end":{"line":126,"column":null}},"76":{"start":{"line":127,"column":2},"end":{"line":127,"column":null}},"77":{"start":{"line":127,"column":51},"end":{"line":127,"column":null}},"78":{"start":{"line":128,"column":2},"end":{"line":128,"column":null}},"79":{"start":{"line":128,"column":48},"end":{"line":128,"column":null}},"80":{"start":{"line":129,"column":2},"end":{"line":129,"column":null}},"81":{"start":{"line":129,"column":48},"end":{"line":129,"column":null}},"82":{"start":{"line":131,"column":2},"end":{"line":131,"column":null}}},"fnMap":{"0":{"name":"stripComments","decl":{"start":{"line":9,"column":16},"end":{"line":9,"column":30}},"loc":{"start":{"line":9,"column":52},"end":{"line":106,"column":null}},"line":9},"1":{"name":"scanImports","decl":{"start":{"line":122,"column":16},"end":{"line":122,"column":28}},"loc":{"start":{"line":122,"column":52},"end":{"line":132,"column":null}},"line":122}},"branchMap":{"0":{"loc":{"start":{"line":16,"column":17},"end":{"line":16,"column":null}},"type":"cond-expr","locations":[{"start":{"line":16,"column":31},"end":{"line":16,"column":45}},{"start":{"line":16,"column":45},"end":{"line":16,"column":null}}],"line":16},"1":{"loc":{"start":{"line":19,"column":4},"end":{"line":26,"column":null}},"type":"if","locations":[{"start":{"line":19,"column":4},"end":{"line":26,"column":null}},{"start":{},"end":{}}],"line":19},"2":{"loc":{"start":{"line":19,"column":8},"end":{"line":19,"column":36}},"type":"binary-expr","locations":[{"start":{"line":19,"column":8},"end":{"line":19,"column":22}},{"start":{"line":19,"column":22},"end":{"line":19,"column":36}}],"line":19},"3":{"loc":{"start":{"line":22,"column":13},"end":{"line":22,"column":42}},"type":"binary-expr","locations":[{"start":{"line":22,"column":13},"end":{"line":22,"column":24}},{"start":{"line":22,"column":24},"end":{"line":22,"column":42}}],"line":22},"4":{"loc":{"start":{"line":29,"column":4},"end":{"line":41,"column":null}},"type":"if","locations":[{"start":{"line":29,"column":4},"end":{"line":41,"column":null}},{"start":{},"end":{}}],"line":29},"5":{"loc":{"start":{"line":29,"column":8},"end":{"line":29,"column":36}},"type":"binary-expr","locations":[{"start":{"line":29,"column":8},"end":{"line":29,"column":22}},{"start":{"line":29,"column":22},"end":{"line":29,"column":36}}],"line":29},"6":{"loc":{"start":{"line":32,"column":13},"end":{"line":32,"column":82}},"type":"binary-expr","locations":[{"start":{"line":32,"column":13},"end":{"line":32,"column":24}},{"start":{"line":32,"column":24},"end":{"line":32,"column":82}}],"line":32},"7":{"loc":{"start":{"line":32,"column":26},"end":{"line":32,"column":82}},"type":"binary-expr","locations":[{"start":{"line":32,"column":26},"end":{"line":32,"column":45}},{"start":{"line":32,"column":45},"end":{"line":32,"column":60}},{"start":{"line":32,"column":60},"end":{"line":32,"column":82}}],"line":32},"8":{"loc":{"start":{"line":33,"column":20},"end":{"line":33,"column":null}},"type":"cond-expr","locations":[{"start":{"line":33,"column":39},"end":{"line":33,"column":46}},{"start":{"line":33,"column":46},"end":{"line":33,"column":null}}],"line":33},"9":{"loc":{"start":{"line":36,"column":6},"end":{"line":39,"column":null}},"type":"if","locations":[{"start":{"line":36,"column":6},"end":{"line":39,"column":null}},{"start":{},"end":{}}],"line":36},"10":{"loc":{"start":{"line":45,"column":4},"end":{"line":65,"column":null}},"type":"if","locations":[{"start":{"line":45,"column":4},"end":{"line":65,"column":null}},{"start":{},"end":{}}],"line":45},"11":{"loc":{"start":{"line":45,"column":8},"end":{"line":45,"column":34}},"type":"binary-expr","locations":[{"start":{"line":45,"column":8},"end":{"line":45,"column":22}},{"start":{"line":45,"column":22},"end":{"line":45,"column":34}}],"line":45},"12":{"loc":{"start":{"line":49,"column":13},"end":{"line":49,"column":43}},"type":"binary-expr","locations":[{"start":{"line":49,"column":13},"end":{"line":49,"column":24}},{"start":{"line":49,"column":24},"end":{"line":49,"column":43}}],"line":49},"13":{"loc":{"start":{"line":50,"column":8},"end":{"line":58,"column":null}},"type":"if","locations":[{"start":{"line":50,"column":8},"end":{"line":58,"column":null}},{"start":{"line":55,"column":15},"end":{"line":58,"column":null}}],"line":50},"14":{"loc":{"start":{"line":50,"column":12},"end":{"line":50,"column":45}},"type":"binary-expr","locations":[{"start":{"line":50,"column":12},"end":{"line":50,"column":32}},{"start":{"line":50,"column":32},"end":{"line":50,"column":45}}],"line":50},"15":{"loc":{"start":{"line":60,"column":6},"end":{"line":63,"column":null}},"type":"if","locations":[{"start":{"line":60,"column":6},"end":{"line":63,"column":null}},{"start":{},"end":{}}],"line":60},"16":{"loc":{"start":{"line":68,"column":4},"end":{"line":98,"column":null}},"type":"if","locations":[{"start":{"line":68,"column":4},"end":{"line":98,"column":null}},{"start":{},"end":{}}],"line":68},"17":{"loc":{"start":{"line":73,"column":8},"end":{"line":95,"column":null}},"type":"if","locations":[{"start":{"line":73,"column":8},"end":{"line":95,"column":null}},{"start":{"line":78,"column":8},"end":{"line":95,"column":null}}],"line":73},"18":{"loc":{"start":{"line":73,"column":12},"end":{"line":73,"column":45}},"type":"binary-expr","locations":[{"start":{"line":73,"column":12},"end":{"line":73,"column":32}},{"start":{"line":73,"column":32},"end":{"line":73,"column":45}}],"line":73},"19":{"loc":{"start":{"line":78,"column":8},"end":{"line":95,"column":null}},"type":"if","locations":[{"start":{"line":78,"column":8},"end":{"line":95,"column":null}},{"start":{"line":84,"column":8},"end":{"line":95,"column":null}}],"line":78},"20":{"loc":{"start":{"line":78,"column":19},"end":{"line":78,"column":74}},"type":"binary-expr","locations":[{"start":{"line":78,"column":19},"end":{"line":78,"column":38}},{"start":{"line":78,"column":38},"end":{"line":78,"column":53}},{"start":{"line":78,"column":53},"end":{"line":78,"column":74}}],"line":78},"21":{"loc":{"start":{"line":84,"column":8},"end":{"line":95,"column":null}},"type":"if","locations":[{"start":{"line":84,"column":8},"end":{"line":95,"column":null}},{"start":{"line":88,"column":8},"end":{"line":95,"column":null}}],"line":84},"22":{"loc":{"start":{"line":84,"column":19},"end":{"line":84,"column":49}},"type":"binary-expr","locations":[{"start":{"line":84,"column":19},"end":{"line":84,"column":38}},{"start":{"line":84,"column":38},"end":{"line":84,"column":49}}],"line":84},"23":{"loc":{"start":{"line":88,"column":8},"end":{"line":95,"column":null}},"type":"if","locations":[{"start":{"line":88,"column":8},"end":{"line":95,"column":null}},{"start":{"line":92,"column":15},"end":{"line":95,"column":null}}],"line":88},"24":{"loc":{"start":{"line":88,"column":19},"end":{"line":88,"column":51}},"type":"binary-expr","locations":[{"start":{"line":88,"column":19},"end":{"line":88,"column":38}},{"start":{"line":88,"column":38},"end":{"line":88,"column":51}}],"line":88}},"s":{"0":95,"1":95,"2":95,"3":95,"4":3716,"5":3716,"6":3716,"7":3,"8":3,"9":3,"10":70,"11":3,"12":3713,"13":6,"14":6,"15":6,"16":174,"17":174,"18":6,"19":5,"20":5,"21":6,"22":3707,"23":98,"24":98,"25":98,"26":98,"27":551,"28":1,"29":1,"30":1,"31":1,"32":550,"33":550,"34":98,"35":97,"36":97,"37":98,"38":3609,"39":5,"40":5,"41":5,"42":5,"43":106,"44":1,"45":1,"46":1,"47":1,"48":105,"49":2,"50":2,"51":2,"52":2,"53":2,"54":103,"55":2,"56":2,"57":2,"58":101,"59":5,"60":5,"61":5,"62":96,"63":96,"64":5,"65":3604,"66":3604,"67":95,"68":3,"69":3,"70":3,"71":3,"72":84,"73":84,"74":84,"75":65,"76":84,"77":2,"78":84,"79":5,"80":84,"81":4,"82":84},"f":{"0":95,"1":84},"b":{"0":[3623,93],"1":[3,3713],"2":[3716,9],"3":[3,73],"4":[6,3707],"5":[3713,6],"6":[6,179],"7":[179,7,7],"8":[4,170],"9":[5,1],"10":[98,3609],"11":[3707,3679],"12":[98,648],"13":[1,550],"14":[551,1],"15":[97,1],"16":[5,3604],"17":[1,105],"18":[106,1],"19":[2,103],"20":[105,2,2],"21":[2,101],"22":[103,3],"23":[5,96],"24":[101,5]},"meta":{"lastBranch":25,"lastFunction":2,"lastStatement":83,"seen":{"f:9:16:9:30":0,"s:10:14:10:Infinity":0,"s:11:27:11:Infinity":1,"s:12:10:12:Infinity":2,"s:14:2:103:Infinity":3,"s:15:15:15:Infinity":4,"s:16:17:16:Infinity":5,"b:16:31:16:45:16:45:16:Infinity":0,"b:19:4:26:Infinity:undefined:undefined:undefined:undefined":1,"s:19:4:26:Infinity":6,"b:19:8:19:22:19:22:19:36":2,"s:20:6:20:Infinity":7,"s:21:6:21:Infinity":8,"s:22:6:24:Infinity":9,"b:22:13:22:24:22:24:22:42":3,"s:23:8:23:Infinity":10,"s:25:6:25:Infinity":11,"b:29:4:41:Infinity:undefined:undefined:undefined:undefined":4,"s:29:4:41:Infinity":12,"b:29:8:29:22:29:22:29:36":5,"s:30:6:30:Infinity":13,"s:31:6:31:Infinity":14,"s:32:6:35:Infinity":15,"b:32:13:32:24:32:24:32:82":6,"b:32:26:32:45:32:45:32:60:32:60:32:82":7,"s:33:8:33:Infinity":16,"b:33:39:33:46:33:46:33:Infinity":8,"s:34:8:34:Infinity":17,"b:36:6:39:Infinity:undefined:undefined:undefined:undefined":9,"s:36:6:39:Infinity":18,"s:37:8:37:Infinity":19,"s:38:8:38:Infinity":20,"s:40:6:40:Infinity":21,"b:45:4:65:Infinity:undefined:undefined:undefined:undefined":10,"s:45:4:65:Infinity":22,"b:45:8:45:22:45:22:45:34":11,"s:46:20:46:Infinity":23,"s:47:6:47:Infinity":24,"s:48:6:48:Infinity":25,"s:49:6:59:Infinity":26,"b:49:13:49:24:49:24:49:43":12,"b:50:8:58:Infinity:55:15:58:Infinity":13,"s:50:8:58:Infinity":27,"b:50:12:50:32:50:32:50:45":14,"s:51:10:51:Infinity":28,"s:52:10:52:Infinity":29,"s:53:10:53:Infinity":30,"s:54:10:54:Infinity":31,"s:56:10:56:Infinity":32,"s:57:10:57:Infinity":33,"b:60:6:63:Infinity:undefined:undefined:undefined:undefined":15,"s:60:6:63:Infinity":34,"s:61:8:61:Infinity":35,"s:62:8:62:Infinity":36,"s:64:6:64:Infinity":37,"b:68:4:98:Infinity:undefined:undefined:undefined:undefined":16,"s:68:4:98:Infinity":38,"s:69:6:69:Infinity":39,"s:70:6:70:Infinity":40,"s:71:18:71:Infinity":41,"s:72:6:96:Infinity":42,"b:73:8:95:Infinity:78:8:95:Infinity":17,"s:73:8:95:Infinity":43,"b:73:12:73:32:73:32:73:45":18,"s:74:10:74:Infinity":44,"s:75:10:75:Infinity":45,"s:76:10:76:Infinity":46,"s:77:10:77:Infinity":47,"b:78:8:95:Infinity:84:8:95:Infinity":19,"s:78:8:95:Infinity":48,"b:78:19:78:38:78:38:78:53:78:53:78:74":20,"s:79:10:79:Infinity":49,"s:80:10:80:Infinity":50,"s:81:10:81:Infinity":51,"s:82:10:82:Infinity":52,"s:83:10:83:Infinity":53,"b:84:8:95:Infinity:88:8:95:Infinity":21,"s:84:8:95:Infinity":54,"b:84:19:84:38:84:38:84:49":22,"s:85:10:85:Infinity":55,"s:86:10:86:Infinity":56,"s:87:10:87:Infinity":57,"b:88:8:95:Infinity:92:15:95:Infinity":23,"s:88:8:95:Infinity":58,"b:88:19:88:38:88:38:88:51":24,"s:89:10:89:Infinity":59,"s:90:10:90:Infinity":60,"s:91:10:91:Infinity":61,"s:93:10:93:Infinity":62,"s:94:10:94:Infinity":63,"s:97:6:97:Infinity":64,"s:101:4:101:Infinity":65,"s:102:4:102:Infinity":66,"s:105:2:105:Infinity":67,"s:109:15:109:Infinity":68,"s:110:21:110:Infinity":69,"s:111:18:111:Infinity":70,"s:112:18:112:Infinity":71,"f:122:16:122:28":1,"s:123:19:123:Infinity":72,"s:124:21:124:Infinity":73,"s:126:2:126:Infinity":74,"s:126:45:126:Infinity":75,"s:127:2:127:Infinity":76,"s:127:51:127:Infinity":77,"s:128:2:128:Infinity":78,"s:128:48:128:Infinity":79,"s:129:2:129:Infinity":80,"s:129:48:129:Infinity":81,"s:131:2:131:Infinity":82}}}
,"/Users/alexgrozav/conductor/workspaces/importree/new-york/src/walker.ts": {"path":"/Users/alexgrozav/conductor/workspaces/importree/new-york/src/walker.ts","statementMap":{"0":{"start":{"line":12,"column":8},"end":{"line":12,"column":null}},"1":{"start":{"line":13,"column":18},"end":{"line":13,"column":null}},"2":{"start":{"line":14,"column":8},"end":{"line":14,"column":null}},"3":{"start":{"line":16,"column":42},"end":{"line":16,"column":null}},"4":{"start":{"line":17,"column":20},"end":{"line":17,"column":null}},"5":{"start":{"line":18,"column":18},"end":{"line":18,"column":null}},"6":{"start":{"line":21,"column":4},"end":{"line":21,"column":null}},"7":{"start":{"line":21,"column":31},"end":{"line":21,"column":null}},"8":{"start":{"line":22,"column":4},"end":{"line":22,"column":null}},"9":{"start":{"line":24,"column":20},"end":{"line":24,"column":null}},"10":{"start":{"line":25,"column":10},"end":{"line":25,"column":null}},"11":{"start":{"line":27,"column":32},"end":{"line":27,"column":null}},"12":{"start":{"line":28,"column":4},"end":{"line":37,"column":null}},"13":{"start":{"line":29,"column":23},"end":{"line":29,"column":null}},"14":{"start":{"line":30,"column":6},"end":{"line":30,"column":null}},"15":{"start":{"line":30,"column":21},"end":{"line":30,"column":null}},"16":{"start":{"line":32,"column":6},"end":{"line":36,"column":null}},"17":{"start":{"line":33,"column":8},"end":{"line":33,"column":null}},"18":{"start":{"line":34,"column":6},"end":{"line":36,"column":null}},"19":{"start":{"line":35,"column":8},"end":{"line":35,"column":null}},"20":{"start":{"line":39,"column":4},"end":{"line":39,"column":null}},"21":{"start":{"line":41,"column":4},"end":{"line":41,"column":null}},"22":{"start":{"line":41,"column":45},"end":{"line":41,"column":55}},"23":{"start":{"line":44,"column":2},"end":{"line":44,"column":null}},"24":{"start":{"line":47,"column":49},"end":{"line":47,"column":null}},"25":{"start":{"line":48,"column":2},"end":{"line":50,"column":null}},"26":{"start":{"line":49,"column":4},"end":{"line":49,"column":null}},"27":{"start":{"line":51,"column":2},"end":{"line":56,"column":null}},"28":{"start":{"line":52,"column":4},"end":{"line":55,"column":null}},"29":{"start":{"line":53,"column":6},"end":{"line":53,"column":null}},"30":{"start":{"line":53,"column":30},"end":{"line":53,"column":null}},"31":{"start":{"line":54,"column":6},"end":{"line":54,"column":null}},"32":{"start":{"line":58,"column":2},"end":{"line":64,"column":null}}},"fnMap":{"0":{"name":"walk","decl":{"start":{"line":11,"column":22},"end":{"line":11,"column":27}},"loc":{"start":{"line":11,"column":94},"end":{"line":65,"column":null}},"line":11},"1":{"name":"visit","decl":{"start":{"line":20,"column":17},"end":{"line":20,"column":23}},"loc":{"start":{"line":20,"column":56},"end":{"line":42,"column":null}},"line":20},"2":{"name":"(anonymous_2)","decl":{"start":{"line":41,"column":36},"end":{"line":41,"column":37}},"loc":{"start":{"line":41,"column":45},"end":{"line":41,"column":55}},"line":41}},"branchMap":{"0":{"loc":{"start":{"line":13,"column":18},"end":{"line":13,"column":null}},"type":"cond-expr","locations":[{"start":{"line":13,"column":26},"end":{"line":13,"column":63}},{"start":{"line":13,"column":63},"end":{"line":13,"column":null}}],"line":13},"1":{"loc":{"start":{"line":21,"column":4},"end":{"line":21,"column":null}},"type":"if","locations":[{"start":{"line":21,"column":4},"end":{"line":21,"column":null}},{"start":{},"end":{}}],"line":21},"2":{"loc":{"start":{"line":30,"column":6},"end":{"line":30,"column":null}},"type":"if","locations":[{"start":{"line":30,"column":6},"end":{"line":30,"column":null}},{"start":{},"end":{}}],"line":30},"3":{"loc":{"start":{"line":32,"column":6},"end":{"line":36,"column":null}},"type":"if","locations":[{"start":{"line":32,"column":6},"end":{"line":36,"column":null}},{"start":{"line":34,"column":6},"end":{"line":36,"column":null}}],"line":32},"4":{"loc":{"start":{"line":32,"column":10},"end":{"line":32,"column":62}},"type":"binary-expr","locations":[{"start":{"line":32,"column":10},"end":{"line":32,"column":42}},{"start":{"line":32,"column":42},"end":{"line":32,"column":62}}],"line":32},"5":{"loc":{"start":{"line":34,"column":6},"end":{"line":36,"column":null}},"type":"if","locations":[{"start":{"line":34,"column":6},"end":{"line":36,"column":null}},{"start":{},"end":{}}],"line":34},"6":{"loc":{"start":{"line":34,"column":17},"end":{"line":34,"column":69}},"type":"binary-expr","locations":[{"start":{"line":34,"column":17},"end":{"line":34,"column":46}},{"start":{"line":34,"column":46},"end":{"line":34,"column":69}}],"line":34},"7":{"loc":{"start":{"line":53,"column":6},"end":{"line":53,"column":null}},"type":"if","locations":[{"start":{"line":53,"column":6},"end":{"line":53,"column":null}},{"start":{},"end":{}}],"line":53}},"s":{"0":24,"1":24,"2":24,"3":24,"4":24,"5":24,"6":72,"7":5,"8":67,"9":67,"10":67,"11":67,"12":67,"13":53,"14":53,"15":2,"16":51,"17":3,"18":48,"19":48,"20":67,"21":67,"22":48,"23":24,"24":24,"25":24,"26":67,"27":24,"28":67,"29":48,"30":0,"31":48,"32":24},"f":{"0":24,"1":72,"2":48},"b":{"0":[1,23],"1":[5,67],"2":[2,51],"3":[3,48],"4":[51,3],"5":[48,0],"6":[48,48],"7":[0,48]},"meta":{"lastBranch":8,"lastFunction":3,"lastStatement":33,"seen":{"f:11:22:11:27":0,"s:12:8:12:Infinity":0,"s:13:18:13:Infinity":1,"b:13:26:13:63:13:63:13:Infinity":0,"s:14:8:14:Infinity":2,"s:16:42:16:Infinity":3,"s:17:20:17:Infinity":4,"s:18:18:18:Infinity":5,"f:20:17:20:23":1,"b:21:4:21:Infinity:undefined:undefined:undefined:undefined":1,"s:21:4:21:Infinity":6,"s:21:31:21:Infinity":7,"s:22:4:22:Infinity":8,"s:24:20:24:Infinity":9,"s:25:10:25:Infinity":10,"s:27:32:27:Infinity":11,"s:28:4:37:Infinity":12,"s:29:23:29:Infinity":13,"b:30:6:30:Infinity:undefined:undefined:undefined:undefined":2,"s:30:6:30:Infinity":14,"s:30:21:30:Infinity":15,"b:32:6:36:Infinity:34:6:36:Infinity":3,"s:32:6:36:Infinity":16,"b:32:10:32:42:32:42:32:62":4,"s:33:8:33:Infinity":17,"b:34:6:36:Infinity:undefined:undefined:undefined:undefined":5,"s:34:6:36:Infinity":18,"b:34:17:34:46:34:46:34:69":6,"s:35:8:35:Infinity":19,"s:39:4:39:Infinity":20,"s:41:4:41:Infinity":21,"f:41:36:41:37":2,"s:41:45:41:55":22,"s:44:2:44:Infinity":23,"s:47:49:47:Infinity":24,"s:48:2:50:Infinity":25,"s:49:4:49:Infinity":26,"s:51:2:56:Infinity":27,"s:52:4:55:Infinity":28,"b:53:6:53:Infinity:undefined:undefined:undefined:undefined":7,"s:53:6:53:Infinity":29,"s:53:30:53:Infinity":30,"s:54:6:54:Infinity":31,"s:58:2:64:Infinity":32}}}
}
